2023-01-23 13:36:53,562 ReportMaker INFO ***********Start************
2023-01-23 13:36:53,564 ReportMaker INFO Парсинг командной строки
2023-01-23 13:36:53,581 CLParser INFO Парсинг командной строки начат
2023-01-23 13:36:53,584 CLParser INFO Парсинг командной строки выполнен
2023-01-23 13:36:53,586 ReportMaker INFO Парсинг файла настроек
2023-01-23 13:36:53,587 SettingsParser INFO Парсинг файла настроек начат
2023-01-23 13:36:53,587 SettingsParser WARNING Файл настроек не обнаружен! Настройки должны храниться в файле settings.json в той же папке, из которой запускается скрипт
2023-01-23 13:36:53,589 SettingsParser WARNING Используются настройки по-умолчанию
2023-01-23 13:36:53,589 ReportMaker WARNING Получена ошибка при выполнении парсинга файла настроек: 'NoneType' object is not subscriptable
2023-01-23 13:36:53,590 ReportMaker INFO Создание задачи
2023-01-23 13:42:32,397 ReportMaker INFO ***********Start************
2023-01-23 13:42:32,398 ReportMaker INFO Парсинг командной строки
2023-01-23 13:42:32,500 CLParser INFO Парсинг командной строки начат
2023-01-23 13:42:32,503 CLParser INFO Парсинг командной строки выполнен
2023-01-23 13:42:32,504 ReportMaker INFO Парсинг файла настроек
2023-01-23 13:42:32,506 SettingsParser INFO Парсинг файла настроек начат
2023-01-23 13:42:40,915 SettingsParser WARNING Файл настроек не обнаружен! Настройки должны храниться в файле settings.json в той же папке, из которой запускается скрипт
2023-01-23 13:42:42,658 SettingsParser WARNING Используются настройки по-умолчанию
2023-01-23 13:43:38,756 ReportMaker INFO ***********Start************
2023-01-23 13:43:38,757 ReportMaker INFO Парсинг командной строки
2023-01-23 13:43:38,775 CLParser INFO Парсинг командной строки начат
2023-01-23 13:43:38,777 CLParser INFO Парсинг командной строки выполнен
2023-01-23 13:43:38,779 ReportMaker INFO Парсинг файла настроек
2023-01-23 13:43:38,780 SettingsParser INFO Парсинг файла настроек начат
2023-01-23 13:43:42,346 SettingsParser WARNING Файл настроек не обнаружен! Настройки должны храниться в файле settings.json в той же папке, из которой запускается скрипт
2023-01-23 13:43:43,120 SettingsParser WARNING Используются настройки по-умолчанию
2023-01-23 13:44:03,315 SettingsParser INFO Парсинг файла настроек закончен
2023-01-23 13:54:42,470 ReportMaker INFO ***********Start************
2023-01-23 13:54:42,471 ReportMaker INFO Парсинг командной строки
2023-01-23 13:54:42,490 CLParser INFO Парсинг командной строки начат
2023-01-23 13:54:42,493 CLParser INFO Парсинг командной строки выполнен
2023-01-23 13:54:42,495 ReportMaker INFO Парсинг файла настроек
2023-01-23 13:54:42,496 SettingsParser INFO Парсинг файла настроек начат
2023-01-23 13:56:33,637 ReportMaker INFO ***********Start************
2023-01-23 13:56:33,638 ReportMaker INFO Парсинг командной строки
2023-01-23 13:56:33,654 CLParser INFO Парсинг командной строки начат
2023-01-23 13:56:33,657 CLParser INFO Парсинг командной строки выполнен
2023-01-23 13:56:33,659 ReportMaker INFO Парсинг файла настроек
2023-01-23 13:56:33,660 SettingsParser INFO Парсинг файла настроек начат
2023-01-23 13:59:01,622 ReportMaker INFO ***********Start************
2023-01-23 13:59:01,623 ReportMaker INFO Парсинг командной строки
2023-01-23 13:59:01,640 CLParser INFO Парсинг командной строки начат
2023-01-23 13:59:01,643 CLParser INFO Парсинг командной строки выполнен
2023-01-23 13:59:01,645 ReportMaker INFO Парсинг файла настроек
2023-01-23 13:59:01,646 SettingsParser INFO Парсинг файла настроек начат
2023-01-23 13:59:01,647 ReportMaker WARNING Получена ошибка при выполнении парсинга файла настроек: module 'ntpath' has no attribute 'asbpath'
2023-01-23 13:59:01,647 ReportMaker INFO Создание задачи
2023-01-23 13:59:09,867 ReportMaker INFO ***********Start************
2023-01-23 13:59:09,868 ReportMaker INFO Парсинг командной строки
2023-01-23 13:59:09,892 CLParser INFO Парсинг командной строки начат
2023-01-23 13:59:09,894 CLParser INFO Парсинг командной строки выполнен
2023-01-23 13:59:09,896 ReportMaker INFO Парсинг файла настроек
2023-01-23 13:59:09,898 SettingsParser INFO Парсинг файла настроек начат
2023-01-23 13:59:09,898 ReportMaker WARNING Получена ошибка при выполнении парсинга файла настроек: module 'ntpath' has no attribute 'asbpath'
2023-01-23 13:59:09,899 ReportMaker INFO Создание задачи
2023-01-23 13:59:26,792 ReportMaker INFO ***********Start************
2023-01-23 13:59:26,793 ReportMaker INFO Парсинг командной строки
2023-01-23 13:59:26,810 CLParser INFO Парсинг командной строки начат
2023-01-23 13:59:26,813 CLParser INFO Парсинг командной строки выполнен
2023-01-23 13:59:26,816 ReportMaker INFO Парсинг файла настроек
2023-01-23 13:59:26,817 SettingsParser INFO Парсинг файла настроек начат
2023-01-23 14:00:36,115 ReportMaker INFO ***********Start************
2023-01-23 14:00:36,116 ReportMaker INFO Парсинг командной строки
2023-01-23 14:00:36,134 CLParser INFO Парсинг командной строки начат
2023-01-23 14:00:36,137 CLParser INFO Парсинг командной строки выполнен
2023-01-23 14:00:36,139 ReportMaker INFO Парсинг файла настроек
2023-01-23 14:00:36,141 SettingsParser INFO Парсинг файла настроек начат
2023-01-23 14:14:51,339 ReportMaker INFO ***********Start************
2023-01-23 14:14:51,340 ReportMaker INFO Парсинг командной строки
2023-01-23 14:14:51,443 CLParser INFO Парсинг командной строки начат
2023-01-23 14:14:51,447 CLParser INFO Парсинг командной строки выполнен
2023-01-23 14:14:51,465 ReportMaker INFO Парсинг файла настроек
2023-01-23 14:14:51,470 SettingsParser INFO Парсинг файла настроек начат
2023-01-23 14:14:51,479 ReportMaker WARNING Получена ошибка при выполнении парсинга файла настроек: module 'ntpath' has no attribute 'asbpath'
2023-01-23 14:14:51,494 ReportMaker INFO Создание задачи
2023-01-23 14:15:27,473 ReportMaker INFO ***********Start************
2023-01-23 14:15:27,474 ReportMaker INFO Парсинг командной строки
2023-01-23 14:15:27,492 CLParser INFO Парсинг командной строки начат
2023-01-23 14:15:27,494 CLParser INFO Парсинг командной строки выполнен
2023-01-23 14:15:27,496 ReportMaker INFO Парсинг файла настроек
2023-01-23 14:15:27,497 SettingsParser INFO Парсинг файла настроек начат
2023-01-23 14:15:54,060 ReportMaker INFO ***********Start************
2023-01-23 14:15:54,061 ReportMaker INFO Парсинг командной строки
2023-01-23 14:15:54,078 CLParser INFO Парсинг командной строки начат
2023-01-23 14:15:54,081 CLParser INFO Парсинг командной строки выполнен
2023-01-23 14:15:54,082 ReportMaker INFO Парсинг файла настроек
2023-01-23 14:15:54,083 SettingsParser INFO Парсинг файла настроек начат
2023-01-23 14:16:11,239 SettingsParser WARNING Получена ошибка при выполнении парсинга файла настроек: Expecting property name enclosed in double quotes: line 7 column 5 (char 235) Настройки выставлены в значения по-умолчанию
2023-01-23 14:16:17,596 SettingsParser INFO Парсинг файла настроек закончен
2023-01-23 14:16:17,599 ReportMaker INFO Создание задачи
2023-01-23 14:17:25,145 ReportMaker INFO ***********Start************
2023-01-23 14:17:25,147 ReportMaker INFO Парсинг командной строки
2023-01-23 14:17:25,164 CLParser INFO Парсинг командной строки начат
2023-01-23 14:17:25,167 CLParser INFO Парсинг командной строки выполнен
2023-01-23 14:17:25,170 ReportMaker INFO Парсинг файла настроек
2023-01-23 14:17:25,171 SettingsParser INFO Парсинг файла настроек начат
2023-01-23 14:17:53,119 ReportMaker INFO ***********Start************
2023-01-23 14:17:53,120 ReportMaker INFO Парсинг командной строки
2023-01-23 14:17:53,148 CLParser INFO Парсинг командной строки начат
2023-01-23 14:17:53,151 CLParser INFO Парсинг командной строки выполнен
2023-01-23 14:17:53,154 ReportMaker INFO Парсинг файла настроек
2023-01-23 14:17:53,156 SettingsParser INFO Парсинг файла настроек начат
2023-01-23 14:19:24,721 ReportMaker INFO ***********Start************
2023-01-23 14:19:24,722 ReportMaker INFO Парсинг командной строки
2023-01-23 14:19:24,740 CLParser INFO Парсинг командной строки начат
2023-01-23 14:19:24,743 CLParser INFO Парсинг командной строки выполнен
2023-01-23 14:19:24,745 ReportMaker INFO Парсинг файла настроек
2023-01-23 14:19:24,747 SettingsParser INFO Парсинг файла настроек начат
2023-01-23 14:20:07,694 SettingsParser WARNING Получена ошибка при выполнении парсинга файла настроек: Expecting property name enclosed in double quotes: line 7 column 5 (char 235) Настройки выставлены в значения по-умолчанию
2023-01-23 14:20:49,406 ReportMaker INFO ***********Start************
2023-01-23 14:20:49,408 ReportMaker INFO Парсинг командной строки
2023-01-23 14:20:49,427 CLParser INFO Парсинг командной строки начат
2023-01-23 14:20:49,429 CLParser INFO Парсинг командной строки выполнен
2023-01-23 14:20:49,431 ReportMaker INFO Парсинг файла настроек
2023-01-23 14:20:49,432 SettingsParser INFO Парсинг файла настроек начат
2023-01-23 14:21:02,431 SettingsParser INFO Парсинг файла настроек закончен
2023-01-23 14:21:02,434 ReportMaker INFO Создание задачи
2023-01-23 14:21:02,436 TaskManager ERROR Не является целым числом: last
2023-01-23 14:21:02,436 TaskManager ERROR Не является целым числом: last
2023-01-23 14:21:02,438 TaskManager WARNING Отсутствует параметр задачи: raw_path
2023-01-23 14:21:02,440 ReportMaker INFO Задача создана
2023-01-23 14:21:02,441 ReportMaker INFO Создание сценария формирования отчета
2023-01-23 14:21:02,446 ReportMaker INFO Сценарий сформирован
2023-01-23 14:21:02,449 ReportMaker INFO ****************STEP 1*********************
2023-01-23 14:21:02,474 ReportMaker ERROR При выполнении ETLManager произошла ошибка: Cannot save file into a non-existent directory: 'Docs\Base\Reports\raw'
2023-01-23 14:21:02,475 ReportMaker INFO ****************STEP 2*********************
2023-01-23 14:21:02,477 ReportMaker INFO ****************STEP 3*********************
2023-01-23 14:21:02,479 ReportMaker INFO ****************STEP 4*********************
2023-01-23 14:21:02,481 ReportMaker INFO ****************STEP 5*********************
2023-01-23 14:21:02,490 ReportMaker ERROR При выполнении PeriodAggregatedPartMakerFull произошла ошибка: 'detailed'
2023-01-23 14:21:02,491 ReportMaker INFO ****************STEP 6*********************
2023-01-23 14:21:02,497 ReportMaker INFO ****************STEP 7*********************
2023-01-23 14:21:02,508 ReportMaker INFO ****************STEP 8*********************
2023-01-23 14:21:02,515 ReportMaker INFO ****************STEP 9*********************
2023-01-23 14:21:02,517 ReportMaker ERROR При выполнении MarkdownExporter произошла ошибка: 'str_aggregated'
2023-01-23 14:21:02,517 ReportMaker INFO ****************REPORT*********************
2023-01-23 14:21:02,563 ReportMaker INFO {'dataframe':          date  file_exist         theme          epic       project          task  pom_num
0  2023-01-16       False  Без указания  Без указания  Без указания  Без указания        0
1  2023-01-17       False  Без указания  Без указания  Без указания  Без указания        0
2  2023-01-18       False  Без указания  Без указания  Без указания  Без указания        0
3  2023-01-19       False  Без указания  Без указания  Без указания  Без указания        0
4  2023-01-20       False  Без указания  Без указания  Без указания  Без указания        0
5  2023-01-21       False  Без указания  Без указания  Без указания  Без указания        0
6  2023-01-22       False  Без указания  Без указания  Без указания  Без указания        0, 'metadata': {'report_date': '23-01-2023 14:21', 'report_maker': 'src/repmaker.py', 'report_type': 'period', 'is_title': True, 'is_period': True, 'is_aggregated': True, 'aggregated_size': 'full', 'is_detailed': True, 'is_links': True, 'links_size': 'full', 'is_source': True, 'is_footer': True, 'is_raw': True, 'norma': 14}, 'entity': {'entity_type': 'week', 'entity_theme': None, 'entity_epic': None, 'entity_project': None}, 'period': {'start_date': '2023-01-16', 'start_date_task': '2023-01-16', 'end_date': '2023-01-22', 'days_num': 7, 'start_year': 2023, 'start_month_num': 1, 'start_month_name': 'январь', 'start_week_num': 3, 'end_year': 2023, 'end_month_num': 1, 'end_month_name': 'январь', 'end_week_num': 3, 'str_period': '\nНачало недели: 2023-01-16\nКонец недели: 2023-01-22\nНомер недели: 3'}, 'title': '(2023_03) Недельный отчет с 2023-01-16 по 2023-01-22\n', 'aggregated': {}, 'detailed': {'str_detailed': []}, 'links': {'list_notes': [], 'list_create': [], 'list_change': [], 'str_links': ['Даты, в которые были записи о помидорках\n']}, 'source': {'str_source': ['В базе не обнаружены записи за указанный период\n', 'Не обнаружены записи для следующих дат:\n', '2023-01-16\n', '2023-01-17\n', '2023-01-18\n', '2023-01-19\n', '2023-01-20\n', '2023-01-21\n', '2023-01-22\n', '\n\nДата создания отчета: 23-01-2023 14:21\n', 'Отчет создан: src/repmaker.py\n']}}
2023-01-23 14:21:02,568 ReportMaker INFO *******************************************
2023-01-23 14:21:40,263 ReportMaker INFO ***********Start************
2023-01-23 14:21:40,264 ReportMaker INFO Парсинг командной строки
2023-01-23 14:21:40,282 CLParser INFO Парсинг командной строки начат
2023-01-23 14:21:40,284 CLParser INFO Парсинг командной строки выполнен
2023-01-23 14:21:40,286 ReportMaker INFO Парсинг файла настроек
2023-01-23 14:21:40,287 SettingsParser INFO Парсинг файла настроек начат
2023-01-23 14:21:46,240 SettingsParser INFO Парсинг файла настроек закончен
2023-01-23 14:21:46,243 ReportMaker INFO Создание задачи
2023-01-23 14:21:46,245 TaskManager ERROR Не является целым числом: last
2023-01-23 14:21:46,246 TaskManager ERROR Не является целым числом: last
2023-01-23 14:21:46,248 TaskManager WARNING Отсутствует параметр задачи: raw_path
2023-01-23 14:21:46,250 ReportMaker INFO Задача создана
2023-01-23 14:21:46,250 ReportMaker INFO Создание сценария формирования отчета
2023-01-23 14:21:46,253 ReportMaker INFO Сценарий сформирован
2023-01-23 14:21:46,254 ReportMaker INFO ****************STEP 1*********************
2023-01-23 14:21:46,283 ReportMaker ERROR При выполнении ETLManager произошла ошибка: Cannot save file into a non-existent directory: 'Docs\Base\Reports\raw'
2023-01-23 14:21:46,284 ReportMaker INFO ****************STEP 2*********************
2023-01-23 14:21:46,288 ReportMaker INFO ****************STEP 3*********************
2023-01-23 14:21:46,290 ReportMaker INFO ****************STEP 4*********************
2023-01-23 14:21:46,293 ReportMaker INFO ****************STEP 5*********************
2023-01-23 14:21:46,301 ReportMaker ERROR При выполнении PeriodAggregatedPartMakerFull произошла ошибка: 'detailed'
2023-01-23 14:21:46,302 ReportMaker INFO ****************STEP 6*********************
2023-01-23 14:21:46,308 ReportMaker INFO ****************STEP 7*********************
2023-01-23 14:21:46,319 ReportMaker INFO ****************STEP 8*********************
2023-01-23 14:21:46,335 ReportMaker INFO ****************STEP 9*********************
2023-01-23 14:21:46,338 ReportMaker ERROR При выполнении MarkdownExporter произошла ошибка: 'str_aggregated'
2023-01-23 14:21:46,338 ReportMaker INFO ****************REPORT*********************
2023-01-23 14:21:46,380 ReportMaker INFO {'dataframe':          date  file_exist         theme          epic       project          task  pom_num
0  2023-01-16       False  Без указания  Без указания  Без указания  Без указания        0
1  2023-01-17       False  Без указания  Без указания  Без указания  Без указания        0
2  2023-01-18       False  Без указания  Без указания  Без указания  Без указания        0
3  2023-01-19       False  Без указания  Без указания  Без указания  Без указания        0
4  2023-01-20       False  Без указания  Без указания  Без указания  Без указания        0
5  2023-01-21       False  Без указания  Без указания  Без указания  Без указания        0
6  2023-01-22       False  Без указания  Без указания  Без указания  Без указания        0, 'metadata': {'report_date': '23-01-2023 14:21', 'report_maker': 'src/repmaker.py', 'report_type': 'period', 'is_title': True, 'is_period': True, 'is_aggregated': True, 'aggregated_size': 'full', 'is_detailed': True, 'is_links': True, 'links_size': 'full', 'is_source': True, 'is_footer': True, 'is_raw': True, 'norma': 14}, 'entity': {'entity_type': 'week', 'entity_theme': None, 'entity_epic': None, 'entity_project': None}, 'period': {'start_date': '2023-01-16', 'start_date_task': '2023-01-16', 'end_date': '2023-01-22', 'days_num': 7, 'start_year': 2023, 'start_month_num': 1, 'start_month_name': 'январь', 'start_week_num': 3, 'end_year': 2023, 'end_month_num': 1, 'end_month_name': 'январь', 'end_week_num': 3, 'str_period': '\nНачало недели: 2023-01-16\nКонец недели: 2023-01-22\nНомер недели: 3'}, 'title': '(2023_03) Недельный отчет с 2023-01-16 по 2023-01-22\n', 'aggregated': {}, 'detailed': {'str_detailed': []}, 'links': {'list_notes': [], 'list_create': [], 'list_change': [], 'str_links': ['Даты, в которые были записи о помидорках\n']}, 'source': {'str_source': ['В базе не обнаружены записи за указанный период\n', 'Не обнаружены записи для следующих дат:\n', '2023-01-16\n', '2023-01-17\n', '2023-01-18\n', '2023-01-19\n', '2023-01-20\n', '2023-01-21\n', '2023-01-22\n', '\n\nДата создания отчета: 23-01-2023 14:21\n', 'Отчет создан: src/repmaker.py\n']}}
2023-01-23 14:21:46,384 ReportMaker INFO *******************************************
2023-01-23 14:23:11,499 ReportMaker INFO ***********Start************
2023-01-23 14:23:11,500 ReportMaker INFO Парсинг командной строки
2023-01-23 14:23:11,517 CLParser INFO Парсинг командной строки начат
2023-01-23 14:23:11,519 CLParser INFO Парсинг командной строки выполнен
2023-01-23 14:23:11,521 ReportMaker INFO Парсинг файла настроек
2023-01-23 14:23:11,522 SettingsParser INFO Парсинг файла настроек начат
2023-01-23 14:23:11,528 SettingsParser INFO Парсинг файла настроек закончен
2023-01-23 14:23:11,530 ReportMaker INFO Создание задачи
2023-01-23 14:24:59,079 ReportMaker INFO ***********Start************
2023-01-23 14:24:59,081 ReportMaker INFO Парсинг командной строки
2023-01-23 14:24:59,096 CLParser INFO Парсинг командной строки начат
2023-01-23 14:24:59,099 CLParser INFO Парсинг командной строки выполнен
2023-01-23 14:24:59,100 ReportMaker INFO Парсинг файла настроек
2023-01-23 14:24:59,101 SettingsParser INFO Парсинг файла настроек начат
2023-01-23 14:24:59,108 SettingsParser INFO Парсинг файла настроек закончен
2023-01-23 14:24:59,110 ReportMaker INFO Создание задачи
2023-01-23 14:26:52,314 ReportMaker INFO ***********Start************
2023-01-23 14:26:52,316 ReportMaker INFO Парсинг командной строки
2023-01-23 14:26:52,333 CLParser INFO Парсинг командной строки начат
2023-01-23 14:26:52,336 CLParser INFO Парсинг командной строки выполнен
2023-01-23 14:26:52,338 ReportMaker INFO Парсинг файла настроек
2023-01-23 14:26:52,339 SettingsParser INFO Парсинг файла настроек начат
2023-01-23 14:26:52,346 SettingsParser INFO Парсинг файла настроек закончен
2023-01-23 14:26:52,351 ReportMaker INFO Создание задачи
2023-01-23 14:28:40,931 ReportMaker INFO ***********Start************
2023-01-23 14:28:40,932 ReportMaker INFO Парсинг командной строки
2023-01-23 14:28:40,949 CLParser INFO Парсинг командной строки начат
2023-01-23 14:28:40,951 CLParser INFO Парсинг командной строки выполнен
2023-01-23 14:28:40,953 ReportMaker INFO Парсинг файла настроек
2023-01-23 14:28:40,954 SettingsParser INFO Парсинг файла настроек начат
2023-01-23 14:28:40,958 SettingsParser INFO Парсинг файла настроек закончен
2023-01-23 14:28:40,960 ReportMaker INFO Создание задачи
2023-01-23 14:31:31,496 ReportMaker INFO ***********Start************
2023-01-23 14:31:31,497 ReportMaker INFO Парсинг командной строки
2023-01-23 14:31:31,513 CLParser INFO Парсинг командной строки начат
2023-01-23 14:31:31,515 CLParser INFO Парсинг командной строки выполнен
2023-01-23 14:31:31,517 ReportMaker INFO Парсинг файла настроек
2023-01-23 14:31:31,518 SettingsParser INFO Парсинг файла настроек начат
2023-01-23 14:31:31,524 SettingsParser INFO Парсинг файла настроек закончен
2023-01-23 14:31:31,526 ReportMaker INFO Создание задачи
2023-01-23 14:32:06,081 ReportMaker INFO ***********Start************
2023-01-23 14:32:06,082 ReportMaker INFO Парсинг командной строки
2023-01-23 14:32:06,098 CLParser INFO Парсинг командной строки начат
2023-01-23 14:32:06,101 CLParser INFO Парсинг командной строки выполнен
2023-01-23 14:32:06,103 ReportMaker INFO Парсинг файла настроек
2023-01-23 14:32:06,104 SettingsParser INFO Парсинг файла настроек начат
2023-01-23 14:32:06,111 SettingsParser INFO Парсинг файла настроек закончен
2023-01-23 14:32:06,113 ReportMaker INFO Создание задачи
2023-01-23 14:33:12,265 ReportMaker INFO ***********Start************
2023-01-23 14:33:12,266 ReportMaker INFO Парсинг командной строки
2023-01-23 14:33:12,286 CLParser INFO Парсинг командной строки начат
2023-01-23 14:33:12,290 CLParser INFO Парсинг командной строки выполнен
2023-01-23 14:33:12,291 ReportMaker INFO Парсинг файла настроек
2023-01-23 14:33:12,292 SettingsParser INFO Парсинг файла настроек начат
2023-01-23 14:33:12,297 SettingsParser INFO Парсинг файла настроек закончен
2023-01-23 14:33:12,299 ReportMaker INFO Создание задачи
2023-01-23 14:34:38,983 ReportMaker INFO ***********Start************
2023-01-23 14:34:38,984 ReportMaker INFO Парсинг командной строки
2023-01-23 14:34:39,000 CLParser INFO Парсинг командной строки начат
2023-01-23 14:34:39,003 CLParser INFO Парсинг командной строки выполнен
2023-01-23 14:34:39,005 ReportMaker INFO Парсинг файла настроек
2023-01-23 14:34:39,007 SettingsParser INFO Парсинг файла настроек начат
2023-01-23 14:34:39,014 SettingsParser INFO Парсинг файла настроек закончен
2023-01-23 14:34:39,016 ReportMaker INFO Создание задачи
2023-01-23 14:35:25,292 ReportMaker INFO ***********Start************
2023-01-23 14:35:25,293 ReportMaker INFO Парсинг командной строки
2023-01-23 14:35:25,310 CLParser INFO Парсинг командной строки начат
2023-01-23 14:35:25,312 CLParser INFO Парсинг командной строки выполнен
2023-01-23 14:35:25,314 ReportMaker INFO Парсинг файла настроек
2023-01-23 14:35:25,315 SettingsParser INFO Парсинг файла настроек начат
2023-01-23 14:35:25,321 SettingsParser INFO Парсинг файла настроек закончен
2023-01-23 14:35:25,323 ReportMaker INFO Создание задачи
2023-01-23 14:35:28,311 TaskManager WARNING Отсутствует параметр задачи: raw_path
2023-01-23 14:35:28,313 ReportMaker INFO Задача создана
2023-01-23 14:35:28,313 ReportMaker INFO Создание сценария формирования отчета
2023-01-23 14:35:28,325 ReportMaker INFO Сценарий сформирован
2023-01-23 14:35:28,325 ReportMaker INFO ****************STEP 1*********************
2023-01-23 14:35:28,344 ReportMaker ERROR При выполнении ETLManager произошла ошибка: Cannot save file into a non-existent directory: 'Docs\Base\Reports\raw'
2023-01-23 14:35:28,345 ReportMaker INFO ****************STEP 2*********************
2023-01-23 14:35:28,348 ReportMaker INFO ****************STEP 3*********************
2023-01-23 14:35:28,353 ReportMaker INFO ****************STEP 4*********************
2023-01-23 14:35:28,356 ReportMaker INFO ****************STEP 5*********************
2023-01-23 14:35:28,385 ReportMaker INFO ****************STEP 6*********************
2023-01-23 14:35:28,427 ReportMaker INFO ****************STEP 7*********************
2023-01-23 14:35:28,443 ReportMaker INFO ****************STEP 8*********************
2023-01-23 14:35:28,453 ReportMaker INFO ****************STEP 9*********************
2023-01-23 14:35:28,458 ReportMaker INFO ****************REPORT*********************
2023-01-23 14:35:28,522 ReportMaker INFO {'dataframe':           date  file_exist            theme                  epic                         project                               task  pom_num
0   2022-12-26        True       HardSkills      Data engineering              Fundamentals of DE                       Без указания        2
1   2022-12-26        True          Проекты  Личная эффективность            [[Report Maker 2.0]]           Создание базовых классов       10
2   2022-12-26        True              УИМ        Научная работа                    Без указания                       Без указания        1
3   2022-12-26        True           ТехПис                 ЦИТИС                   Сервис приема    Руководство администратора ООВО        1
4   2022-12-26        True              Уют                Ванная  Закрепил смеситель на раковине                       Без указания        1
5   2022-12-27        True       HardSkills      Data engineering              Fundamentals of DE                       Без указания        2
6   2022-12-27        True          Проекты  Личная эффективность            [[Report Maker 2.0]]                   Создание логеров        2
7   2022-12-27        True          Проекты  Личная эффективность            [[Report Maker 2.0]]  Создание парсера командной строки        2
8   2022-12-27        True          Проекты  Личная эффективность            [[Report Maker 2.0]]    Создание парсера файла настроек        3
9   2022-12-27        True          Проекты  Личная эффективность            [[Report Maker 2.0]]        Создание обработчика задачи        2
10  2022-12-27        True  Семья и близкие      Брижан Александр                          Созвон                       Без указания        1
11  2022-12-27        True  Семья и близкие     Матлашов Владимир                         Встреча                       Без указания        4
12  2022-12-28        True       HardSkills      Data engineering              Fundamentals of DE                       Без указания        1
13  2022-12-28        True          Проекты  Личная эффективность            [[Report Maker 2.0]]        Создание обработчика задачи        6
14  2022-12-29       False     Без указания          Без указания                    Без указания                       Без указания        0
15  2022-12-30        True          Проекты  Личная эффективность            [[Report Maker 2.0]]        Создание обработчика задачи        1
16  2022-12-30        True  Семья и близкие                  Вова                   Лечение зубов                       Без указания        4
17  2022-12-31        True     Без указания          Без указания                    Без указания                       Без указания        0
18  2023-01-01        True          Проекты  Личная эффективность            [[Report Maker 2.0]]        Создание обработчика задачи        1
19  2023-01-01        True          Проекты  Личная эффективность            [[Report Maker 2.0]]        Создание менеджера сценария        1, 'metadata': {'report_date': '23-01-2023 14:35', 'report_maker': 'src/repmaker.py', 'report_type': 'period', 'is_title': True, 'is_period': True, 'is_aggregated': True, 'aggregated_size': 'full', 'is_detailed': True, 'is_links': True, 'links_size': 'full', 'is_source': True, 'is_footer': True, 'is_raw': True, 'norma': 14}, 'entity': {'entity_type': 'week', 'entity_theme': None, 'entity_epic': None, 'entity_project': None}, 'period': {'start_date': '2022-12-26', 'start_date_task': '2022-12-26', 'end_date': '2023-01-01', 'days_num': 7, 'start_year': 2022, 'start_month_num': 12, 'start_month_name': 'декабрь', 'start_week_num': 52, 'end_year': 2023, 'end_month_num': 1, 'end_month_name': 'январь', 'end_week_num': 52, 'str_period': '\nНачало недели: 2022-12-26\nКонец недели: 2023-01-01\nНомер недели: 52'}, 'title': '(2022_52) Недельный отчет с 2022-12-26 по 2023-01-01\n', 'aggregated': {'total_pom': 45, 'max_norma_pom': 98, 'norma_pom_part': 45.92, 'entity_struct': ['HardSkills: 5 - 11.11%\n', 'Проекты: 28 - 62.22%\n', 'УИМ: 1 - 2.22%\n', 'ТехПис: 1 - 2.22%\n', 'Уют: 1 - 2.22%\n', 'Семья и близкие: 9 - 20.0%\n'], 'real_pom_part': 53.57, 'str_aggregated': ['Всего учтенных осмысленных помидорок: 45\n', 'Зафиксированы осмысленные помидорки по следующим темам: \n', 'HardSkills: 5 - 11.11%\n', 'Проекты: 28 - 62.22%\n', 'УИМ: 1 - 2.22%\n', 'ТехПис: 1 - 2.22%\n', 'Уют: 1 - 2.22%\n', 'Семья и близкие: 9 - 20.0%\n', 'Максимально возможное количество помидорок по нормативу: 98\n', 'Процент учтенных осмысленных помидорок от возможного количества по нормативу: 45.92\n', 'Процент учтенных осмысленных помидорок от возможного количества без учета отсутствующих записей: 53.57\n']}, 'detailed': {'str_detailed': ['Всего - 45 - 100.0%\n', '├── HardSkills - 5 - 11.11%\n', '│   └── Data engineering - 5 - 11.11%\n', '│       └── Fundamentals of DE - 5 - 11.11%\n', '├── Проекты - 28 - 62.22%\n', '│   └── Личная эффективность - 28 - 62.22%\n', '│       └── [[Report Maker 2.0]] - 28 - 62.22%\n', '│           ├── Создание базовых классов - 10 - 22.22%\n', '│           ├── Создание логеров - 2 - 4.44%\n', '│           ├── Создание парсера командной строки - 2 - 4.44%\n', '│           ├── Создание парсера файла настроек - 3 - 6.67%\n', '│           ├── Создание обработчика задачи - 10 - 22.22%\n', '│           └── Создание менеджера сценария - 1 - 2.22%\n', '├── УИМ - 1 - 2.22%\n', '│   └── Научная работа - 1 - 2.22%\n', '├── ТехПис - 1 - 2.22%\n', '│   └── ЦИТИС - 1 - 2.22%\n', '│       └── Сервис приема - 1 - 2.22%\n', '│           └── Руководство администратора ООВО - 1 - 2.22%\n', '├── Уют - 1 - 2.22%\n', '│   └── Ванная - 1 - 2.22%\n', '│       └── Закрепил смеситель на раковине - 1 - 2.22%\n', '├── Семья и близкие - 9 - 20.0%\n', '│   ├── Брижан Александр - 1 - 2.22%\n', '│   │   └── Созвон - 1 - 2.22%\n', '│   ├── Матлашов Владимир - 4 - 8.89%\n', '│   │   └── Встреча - 4 - 8.89%\n', '│   └── Вова - 4 - 8.89%\n', '│       └── Лечение зубов - 4 - 8.89%\n']}, 'links': {'list_notes': [['2022-12-26', 15], ['2022-12-27', 16], ['2022-12-28', 7], ['2022-12-30', 5], ['2023-01-01', 2]], 'list_create': [], 'list_change': [], 'str_links': ['Даты, в которые были записи о помидорках\n', '[[2022-12-26]] - 15\n', '[[2022-12-27]] - 16\n', '[[2022-12-28]] - 7\n', '[[2022-12-30]] - 5\n', '[[2023-01-01]] - 2\n']}, 'source': {'str_source': ['Количество дней, для которых в базе обнаружены файлы заметок: 6\n', 'Не обнаружены записи для следующих дат:\n', '2022-12-29', '\n\nДата создания отчета: 23-01-2023 14:35\n', 'Отчет создан: src/repmaker.py\n']}}
2023-01-23 14:35:28,556 ReportMaker INFO *******************************************
2023-01-23 15:32:19,844 ReportMaker INFO ***********Start************
2023-01-23 15:32:19,845 ReportMaker INFO Парсинг командной строки
2023-01-23 15:32:19,860 CLParser INFO Парсинг командной строки начат
2023-01-23 15:32:19,863 CLParser INFO Парсинг командной строки выполнен
2023-01-23 15:32:19,864 ReportMaker INFO Парсинг файла настроек
2023-01-23 15:32:19,865 SettingsParser INFO Парсинг файла настроек начат
2023-01-23 15:32:19,867 SettingsParser INFO Парсинг файла настроек закончен
2023-01-23 15:32:19,868 ReportMaker INFO Создание задачи
2023-01-23 15:35:49,274 ReportMaker INFO ***********Start************
2023-01-23 15:35:49,275 ReportMaker INFO Парсинг командной строки
2023-01-23 15:35:49,288 CLParser INFO Парсинг командной строки начат
2023-01-23 15:35:49,291 CLParser INFO Парсинг командной строки выполнен
2023-01-23 15:35:49,291 ReportMaker INFO Парсинг файла настроек
2023-01-23 15:35:49,293 SettingsParser INFO Парсинг файла настроек начат
2023-01-23 15:35:49,295 SettingsParser INFO Парсинг файла настроек закончен
2023-01-23 15:35:49,296 ReportMaker INFO Создание задачи
2023-01-23 15:35:49,298 TaskManager WARNING Отсутствует параметр задачи: raw_path
2023-01-23 15:35:49,299 ReportMaker INFO Задача создана
2023-01-23 15:35:49,299 ReportMaker INFO Создание сценария формирования отчета
2023-01-23 15:35:49,301 ReportMaker INFO Сценарий сформирован
2023-01-23 15:35:49,302 ReportMaker INFO ****************STEP 1*********************
2023-01-23 15:35:49,318 ETLManager INFO Начало ETL
2023-01-23 15:35:49,326 ETLManager INFO Конец ETL
2023-01-23 15:35:49,327 ReportMaker INFO ****************STEP 2*********************
2023-01-23 15:35:49,328 MetadataPartMaker INFO Формирование метадаты
2023-01-23 15:35:49,328 MetadataPartMaker INFO Формирование метадаты завершено
2023-01-23 15:35:49,329 ReportMaker INFO ****************STEP 3*********************
2023-01-23 15:35:49,330 PeriodPartMaker INFO Формирование данных о периоде
2023-01-23 15:35:49,331 PeriodPartMaker INFO Формирование данных о периоде завершено
2023-01-23 15:35:49,331 ReportMaker INFO ****************STEP 4*********************
2023-01-23 15:35:49,332 TitlePartMaker INFO Начало создания заголовка
2023-01-23 15:35:49,333 TitlePartMaker INFO Заголовок создан
2023-01-23 15:35:49,333 ReportMaker INFO ****************STEP 5*********************
2023-01-23 15:35:49,337 PeriodAggregatedPartMakerFull INFO Начало формирования агрегированной части
2023-01-23 15:35:49,367 PeriodAggregatedPartMakerFull INFO Агрегированная часть сформирована
2023-01-23 15:35:49,368 ReportMaker INFO ****************STEP 6*********************
2023-01-23 15:35:49,373 DetailedPartMaker INFO Начато создание детализированной части отчета
2023-01-23 15:35:49,397 DetailedPartMaker INFO Завершено создание детализированной части отчета
2023-01-23 15:35:49,398 ReportMaker INFO ****************STEP 7*********************
2023-01-23 15:35:49,400 PeriodLinksPartMaker INFO Начало формирования части со связями
2023-01-23 15:35:49,426 PeriodLinksPartMaker INFO Часть со связями сформирована
2023-01-23 15:35:49,428 ReportMaker INFO ****************STEP 8*********************
2023-01-23 15:35:49,430 SourcePartMaker INFO Создание части с источниками
2023-01-23 15:35:49,437 SourcePartMaker INFO Часть с источниками создана
2023-01-23 15:35:49,438 ReportMaker INFO ****************STEP 9*********************
2023-01-23 15:35:49,441 MarkdownExporter INFO Начат экспорт в файл Markdown
2023-01-23 15:35:49,443 MarkdownExporter INFO Завершен экспорт в файл Markdown
2023-01-25 14:59:53,460 ReportMaker INFO ***********Start************
2023-01-25 14:59:53,463 ReportMaker INFO Парсинг командной строки
2023-01-25 14:59:53,479 CLParser INFO Парсинг командной строки начат
2023-01-25 14:59:53,482 CLParser INFO Парсинг командной строки выполнен
2023-01-25 14:59:53,483 ReportMaker INFO Парсинг файла настроек
2023-01-25 14:59:53,484 SettingsParser INFO Парсинг файла настроек начат
2023-01-25 14:59:53,486 SettingsParser INFO Парсинг файла настроек закончен
2023-01-25 14:59:53,487 ReportMaker INFO Создание задачи
2023-01-25 15:20:26,580 ReportMaker INFO ***********Start************
2023-01-25 15:20:26,581 ReportMaker INFO Парсинг командной строки
2023-01-25 15:20:26,595 CLParser INFO Парсинг командной строки начат
2023-01-25 15:20:26,598 CLParser INFO Парсинг командной строки выполнен
2023-01-25 15:20:26,599 ReportMaker INFO Парсинг файла настроек
2023-01-25 15:20:26,600 SettingsParser INFO Парсинг файла настроек начат
2023-01-25 15:20:26,602 SettingsParser INFO Парсинг файла настроек закончен
2023-01-25 15:20:26,603 ReportMaker INFO Создание задачи
2023-01-25 15:42:51,599 ReportMaker INFO ***********Start************
2023-01-25 15:42:51,600 ReportMaker INFO Парсинг командной строки
2023-01-25 15:42:51,615 CLParser INFO Парсинг командной строки начат
2023-01-25 15:43:59,781 ReportMaker INFO ***********Start************
2023-01-25 15:43:59,783 ReportMaker INFO Парсинг командной строки
2023-01-25 15:43:59,798 CLParser INFO Парсинг командной строки начат
2023-01-25 15:43:59,801 CLParser INFO Парсинг командной строки выполнен
2023-01-25 15:43:59,802 ReportMaker INFO Парсинг файла настроек
2023-01-25 15:43:59,803 SettingsParser INFO Парсинг файла настроек начат
2023-01-25 15:43:59,806 SettingsParser INFO Парсинг файла настроек закончен
2023-01-25 15:43:59,807 ReportMaker INFO Создание задачи
2023-01-25 15:43:59,809 TaskManager ERROR Неверный формат начальной даты 12-12-2022
2023-01-25 15:44:24,965 ReportMaker INFO ***********Start************
2023-01-25 15:44:24,966 ReportMaker INFO Парсинг командной строки
2023-01-25 15:44:24,981 CLParser INFO Парсинг командной строки начат
2023-01-25 15:44:24,983 CLParser INFO Парсинг командной строки выполнен
2023-01-25 15:44:24,984 ReportMaker INFO Парсинг файла настроек
2023-01-25 15:44:24,985 SettingsParser INFO Парсинг файла настроек начат
2023-01-25 15:44:24,987 SettingsParser INFO Парсинг файла настроек закончен
2023-01-25 15:44:24,987 ReportMaker INFO Создание задачи
2023-01-25 15:44:24,989 TaskManager ERROR Неверный формат начальной даты 12-12-2022
2023-01-25 15:44:45,147 ReportMaker INFO ***********Start************
2023-01-25 15:44:45,148 ReportMaker INFO Парсинг командной строки
2023-01-25 15:44:45,163 CLParser INFO Парсинг командной строки начат
2023-01-25 15:44:45,166 CLParser INFO Парсинг командной строки выполнен
2023-01-25 15:44:45,167 ReportMaker INFO Парсинг файла настроек
2023-01-25 15:44:45,168 SettingsParser INFO Парсинг файла настроек начат
2023-01-25 15:44:45,170 SettingsParser INFO Парсинг файла настроек закончен
2023-01-25 15:44:45,171 ReportMaker INFO Создание задачи
2023-01-25 15:44:45,173 TaskManager ERROR Неверный формат начальной даты 12-12-2022
2023-01-25 15:48:31,360 ReportMaker INFO ***********Start************
2023-01-25 15:48:31,361 ReportMaker INFO Парсинг командной строки
2023-01-25 15:48:31,378 CLParser INFO Парсинг командной строки начат
2023-01-25 15:48:31,381 CLParser INFO Парсинг командной строки выполнен
2023-01-25 15:48:31,382 ReportMaker INFO Парсинг файла настроек
2023-01-25 15:48:31,383 SettingsParser INFO Парсинг файла настроек начат
2023-01-25 15:48:31,385 SettingsParser INFO Парсинг файла настроек закончен
2023-01-25 15:48:31,387 ReportMaker INFO Создание задачи
2023-01-25 15:51:02,872 ReportMaker INFO ***********Start************
2023-01-25 15:51:02,873 ReportMaker INFO Парсинг командной строки
2023-01-25 15:51:02,889 CLParser INFO Парсинг командной строки начат
2023-01-25 15:51:02,892 CLParser INFO Парсинг командной строки выполнен
2023-01-25 15:51:02,893 ReportMaker INFO Парсинг файла настроек
2023-01-25 15:51:02,894 SettingsParser INFO Парсинг файла настроек начат
2023-01-25 15:51:02,896 SettingsParser INFO Парсинг файла настроек закончен
2023-01-25 15:51:02,897 ReportMaker INFO Создание задачи
2023-01-25 15:53:33,055 ReportMaker INFO ***********Start************
2023-01-25 15:53:33,056 ReportMaker INFO Парсинг командной строки
2023-01-25 15:53:33,071 CLParser INFO Парсинг командной строки начат
2023-01-25 15:53:33,073 CLParser INFO Парсинг командной строки выполнен
2023-01-25 15:53:33,074 ReportMaker INFO Парсинг файла настроек
2023-01-25 15:53:33,075 SettingsParser INFO Парсинг файла настроек начат
2023-01-25 15:53:33,078 SettingsParser INFO Парсинг файла настроек закончен
2023-01-25 15:53:33,079 ReportMaker INFO Создание задачи
2023-01-25 15:54:18,680 ReportMaker INFO ***********Start************
2023-01-25 15:54:18,681 ReportMaker INFO Парсинг командной строки
2023-01-25 15:54:18,696 CLParser INFO Парсинг командной строки начат
2023-01-25 15:54:18,699 CLParser INFO Парсинг командной строки выполнен
2023-01-25 15:54:18,699 ReportMaker INFO Парсинг файла настроек
2023-01-25 15:54:18,700 SettingsParser INFO Парсинг файла настроек начат
2023-01-25 15:54:18,703 SettingsParser INFO Парсинг файла настроек закончен
2023-01-25 15:54:18,704 ReportMaker INFO Создание задачи
2023-01-25 16:19:04,330 ReportMaker INFO ***********Start************
2023-01-25 16:19:04,333 ReportMaker INFO Парсинг командной строки
2023-01-25 16:19:04,346 CLParser INFO Парсинг командной строки начат
2023-01-25 16:19:04,349 CLParser INFO Парсинг командной строки выполнен
2023-01-25 16:19:04,349 ReportMaker INFO Парсинг файла настроек
2023-01-25 16:19:04,350 SettingsParser INFO Парсинг файла настроек начат
2023-01-25 16:19:04,353 SettingsParser INFO Парсинг файла настроек закончен
2023-01-25 16:19:04,353 ReportMaker INFO Создание задачи
2023-01-25 16:19:10,509 TaskManager WARNING Не является целым числом: jan
2023-01-25 16:19:14,581 TaskManager WARNING Не является целым числом: jan
2023-01-25 16:20:42,953 TaskManager WARNING Не является целым числом: jan
2023-01-25 16:21:27,790 ReportMaker INFO ***********Start************
2023-01-25 16:21:27,791 ReportMaker INFO Парсинг командной строки
2023-01-25 16:21:27,807 CLParser INFO Парсинг командной строки начат
2023-01-25 16:21:27,809 CLParser INFO Парсинг командной строки выполнен
2023-01-25 16:21:27,811 ReportMaker INFO Парсинг файла настроек
2023-01-25 16:21:27,812 SettingsParser INFO Парсинг файла настроек начат
2023-01-25 16:21:27,814 SettingsParser INFO Парсинг файла настроек закончен
2023-01-25 16:21:27,815 ReportMaker INFO Создание задачи
2023-01-25 16:21:32,640 TaskManager WARNING Не является целым числом: jan
2023-01-25 16:21:32,641 TaskManager WARNING Не является целым числом: jan
2023-01-25 16:21:32,643 TaskManager WARNING Не является целым числом: jan
2023-01-25 16:22:05,976 ReportMaker INFO ***********Start************
2023-01-25 16:22:05,977 ReportMaker INFO Парсинг командной строки
2023-01-25 16:22:05,992 CLParser INFO Парсинг командной строки начат
2023-01-25 16:22:05,995 CLParser INFO Парсинг командной строки выполнен
2023-01-25 16:22:05,996 ReportMaker INFO Парсинг файла настроек
2023-01-25 16:22:05,997 SettingsParser INFO Парсинг файла настроек начат
2023-01-25 16:22:06,000 SettingsParser INFO Парсинг файла настроек закончен
2023-01-25 16:22:06,001 ReportMaker INFO Создание задачи
2023-01-25 16:22:06,002 TaskManager WARNING Не является целым числом: jan
2023-01-25 16:22:06,003 TaskManager WARNING Не является целым числом: jan
2023-01-25 16:22:15,335 TaskManager WARNING Не является целым числом: jan
2023-01-25 16:22:56,600 ReportMaker INFO ***********Start************
2023-01-25 16:22:56,601 ReportMaker INFO Парсинг командной строки
2023-01-25 16:22:56,615 CLParser INFO Парсинг командной строки начат
2023-01-25 16:22:56,617 CLParser INFO Парсинг командной строки выполнен
2023-01-25 16:22:56,619 ReportMaker INFO Парсинг файла настроек
2023-01-25 16:22:56,620 SettingsParser INFO Парсинг файла настроек начат
2023-01-25 16:22:56,622 SettingsParser INFO Парсинг файла настроек закончен
2023-01-25 16:22:56,623 ReportMaker INFO Создание задачи
2023-01-25 16:22:56,625 TaskManager WARNING Не является целым числом: jan
2023-01-25 16:22:56,626 TaskManager WARNING Не является целым числом: jan
2023-01-25 16:23:10,174 TaskManager WARNING Не является целым числом: jan
2023-01-25 16:24:29,600 ReportMaker INFO ***********Start************
2023-01-25 16:24:29,602 ReportMaker INFO Парсинг командной строки
2023-01-25 16:24:29,617 CLParser INFO Парсинг командной строки начат
2023-01-25 16:24:29,620 CLParser INFO Парсинг командной строки выполнен
2023-01-25 16:24:29,621 ReportMaker INFO Парсинг файла настроек
2023-01-25 16:24:29,623 SettingsParser INFO Парсинг файла настроек начат
2023-01-25 16:24:29,625 SettingsParser INFO Парсинг файла настроек закончен
2023-01-25 16:24:29,627 ReportMaker INFO Создание задачи
2023-01-25 16:24:29,629 TaskManager WARNING Не является целым числом: jan
2023-01-25 16:24:29,630 TaskManager WARNING Не является целым числом: jan
2023-01-25 16:24:36,827 TaskManager WARNING Не является целым числом: jan
2023-01-25 16:26:15,023 ReportMaker INFO ***********Start************
2023-01-25 16:26:15,028 ReportMaker INFO Парсинг командной строки
2023-01-25 16:26:15,073 CLParser INFO Парсинг командной строки начат
2023-01-25 16:26:15,077 CLParser INFO Парсинг командной строки выполнен
2023-01-25 16:26:15,079 ReportMaker INFO Парсинг файла настроек
2023-01-25 16:26:15,080 SettingsParser INFO Парсинг файла настроек начат
2023-01-25 16:26:15,084 SettingsParser INFO Парсинг файла настроек закончен
2023-01-25 16:26:15,085 ReportMaker INFO Создание задачи
2023-01-25 16:26:15,087 TaskManager WARNING Не является целым числом: jan
2023-01-25 16:26:15,087 TaskManager WARNING Не является целым числом: jan
2023-01-25 16:26:22,556 TaskManager WARNING Не является целым числом: jan
2023-01-25 16:29:35,165 ReportMaker INFO ***********Start************
2023-01-25 16:29:35,166 ReportMaker INFO Парсинг командной строки
2023-01-25 16:29:35,180 CLParser INFO Парсинг командной строки начат
2023-01-25 16:29:35,183 CLParser INFO Парсинг командной строки выполнен
2023-01-25 16:29:35,184 ReportMaker INFO Парсинг файла настроек
2023-01-25 16:29:35,185 SettingsParser INFO Парсинг файла настроек начат
2023-01-25 16:29:35,187 SettingsParser INFO Парсинг файла настроек закончен
2023-01-25 16:29:35,188 ReportMaker INFO Создание задачи
2023-01-25 16:29:35,189 TaskManager WARNING Не является целым числом: jan
2023-01-25 16:29:35,190 TaskManager WARNING Не является целым числом: jan
2023-01-25 16:29:49,497 TaskManager WARNING Не является целым числом: jan
2023-01-25 16:32:13,907 ReportMaker INFO ***********Start************
2023-01-25 16:32:13,908 ReportMaker INFO Парсинг командной строки
2023-01-25 16:32:13,925 CLParser INFO Парсинг командной строки начат
2023-01-25 16:32:13,928 CLParser INFO Парсинг командной строки выполнен
2023-01-25 16:32:13,929 ReportMaker INFO Парсинг файла настроек
2023-01-25 16:32:13,930 SettingsParser INFO Парсинг файла настроек начат
2023-01-25 16:32:13,932 SettingsParser INFO Парсинг файла настроек закончен
2023-01-25 16:32:13,933 ReportMaker INFO Создание задачи
2023-01-25 16:34:37,393 ReportMaker INFO ***********Start************
2023-01-25 16:34:37,394 ReportMaker INFO Парсинг командной строки
2023-01-25 16:34:37,409 CLParser INFO Парсинг командной строки начат
2023-01-25 16:34:37,411 CLParser INFO Парсинг командной строки выполнен
2023-01-25 16:34:37,412 ReportMaker INFO Парсинг файла настроек
2023-01-25 16:34:37,413 SettingsParser INFO Парсинг файла настроек начат
2023-01-25 16:34:37,416 SettingsParser INFO Парсинг файла настроек закончен
2023-01-25 16:34:37,417 ReportMaker INFO Создание задачи
2023-01-25 16:35:17,156 ReportMaker INFO ***********Start************
2023-01-25 16:35:17,157 ReportMaker INFO Парсинг командной строки
2023-01-25 16:35:17,171 CLParser INFO Парсинг командной строки начат
2023-01-25 16:35:17,174 CLParser INFO Парсинг командной строки выполнен
2023-01-25 16:35:17,175 ReportMaker INFO Парсинг файла настроек
2023-01-25 16:35:17,176 SettingsParser INFO Парсинг файла настроек начат
2023-01-25 16:35:17,179 SettingsParser INFO Парсинг файла настроек закончен
2023-01-25 16:35:17,180 ReportMaker INFO Создание задачи
2023-01-25 16:42:11,364 ReportMaker INFO ***********Start************
2023-01-25 16:42:11,365 ReportMaker INFO Парсинг командной строки
2023-01-25 16:42:11,381 CLParser INFO Парсинг командной строки начат
2023-01-25 16:42:11,383 CLParser INFO Парсинг командной строки выполнен
2023-01-25 16:42:11,384 ReportMaker INFO Парсинг файла настроек
2023-01-25 16:42:11,385 SettingsParser INFO Парсинг файла настроек начат
2023-01-25 16:42:11,387 SettingsParser INFO Парсинг файла настроек закончен
2023-01-25 16:42:11,388 ReportMaker INFO Создание задачи
2023-01-25 16:44:01,531 ReportMaker INFO ***********Start************
2023-01-25 16:44:01,532 ReportMaker INFO Парсинг командной строки
2023-01-25 16:44:01,552 CLParser INFO Парсинг командной строки начат
2023-01-25 16:44:01,554 CLParser INFO Парсинг командной строки выполнен
2023-01-25 16:44:01,555 ReportMaker INFO Парсинг файла настроек
2023-01-25 16:44:01,556 SettingsParser INFO Парсинг файла настроек начат
2023-01-25 16:44:01,558 SettingsParser INFO Парсинг файла настроек закончен
2023-01-25 16:44:01,559 ReportMaker INFO Создание задачи
2023-01-25 16:45:23,490 ReportMaker INFO ***********Start************
2023-01-25 16:45:23,491 ReportMaker INFO Парсинг командной строки
2023-01-25 16:45:23,506 CLParser INFO Парсинг командной строки начат
2023-01-25 16:45:23,508 CLParser INFO Парсинг командной строки выполнен
2023-01-25 16:45:23,509 ReportMaker INFO Парсинг файла настроек
2023-01-25 16:45:23,510 SettingsParser INFO Парсинг файла настроек начат
2023-01-25 16:45:23,512 SettingsParser INFO Парсинг файла настроек закончен
2023-01-25 16:45:23,513 ReportMaker INFO Создание задачи
2023-01-25 16:51:51,725 ReportMaker INFO ***********Start************
2023-01-25 16:51:51,726 ReportMaker INFO Парсинг командной строки
2023-01-25 16:51:51,740 CLParser INFO Парсинг командной строки начат
2023-01-25 16:51:51,742 CLParser INFO Парсинг командной строки выполнен
2023-01-25 16:51:51,743 ReportMaker INFO Парсинг файла настроек
2023-01-25 16:51:51,744 SettingsParser INFO Парсинг файла настроек начат
2023-01-25 16:51:51,746 SettingsParser INFO Парсинг файла настроек закончен
2023-01-25 16:51:51,747 ReportMaker INFO Создание задачи
2023-01-25 16:53:07,960 ReportMaker INFO ***********Start************
2023-01-25 16:53:07,961 ReportMaker INFO Парсинг командной строки
2023-01-25 16:53:07,977 CLParser INFO Парсинг командной строки начат
2023-01-25 16:53:07,979 CLParser INFO Парсинг командной строки выполнен
2023-01-25 16:53:07,980 ReportMaker INFO Парсинг файла настроек
2023-01-25 16:53:07,981 SettingsParser INFO Парсинг файла настроек начат
2023-01-25 16:53:07,984 SettingsParser INFO Парсинг файла настроек закончен
2023-01-25 16:53:07,984 ReportMaker INFO Создание задачи
2023-01-25 16:59:13,806 ReportMaker INFO ***********Start************
2023-01-25 16:59:13,807 ReportMaker INFO Парсинг командной строки
2023-01-25 16:59:13,822 CLParser INFO Парсинг командной строки начат
2023-01-25 16:59:13,824 CLParser INFO Парсинг командной строки выполнен
2023-01-25 16:59:13,825 ReportMaker INFO Парсинг файла настроек
2023-01-25 16:59:13,826 SettingsParser INFO Парсинг файла настроек начат
2023-01-25 16:59:13,829 SettingsParser INFO Парсинг файла настроек закончен
2023-01-25 16:59:13,830 ReportMaker INFO Создание задачи
2023-01-25 17:01:08,728 ReportMaker INFO ***********Start************
2023-01-25 17:01:08,729 ReportMaker INFO Парсинг командной строки
2023-01-25 17:01:08,745 CLParser INFO Парсинг командной строки начат
2023-01-25 17:01:08,748 CLParser INFO Парсинг командной строки выполнен
2023-01-25 17:01:08,749 ReportMaker INFO Парсинг файла настроек
2023-01-25 17:01:08,750 SettingsParser INFO Парсинг файла настроек начат
2023-01-25 17:01:08,752 SettingsParser INFO Парсинг файла настроек закончен
2023-01-25 17:01:08,753 ReportMaker INFO Создание задачи
2023-01-25 17:02:01,446 ReportMaker INFO ***********Start************
2023-01-25 17:02:01,447 ReportMaker INFO Парсинг командной строки
2023-01-25 17:02:01,463 CLParser INFO Парсинг командной строки начат
2023-01-25 17:02:01,465 CLParser INFO Парсинг командной строки выполнен
2023-01-25 17:02:01,466 ReportMaker INFO Парсинг файла настроек
2023-01-25 17:02:01,467 SettingsParser INFO Парсинг файла настроек начат
2023-01-25 17:02:01,469 SettingsParser INFO Парсинг файла настроек закончен
2023-01-25 17:02:01,471 ReportMaker INFO Создание задачи
2023-01-31 14:06:16,294 ReportMaker INFO ***********Start************
2023-01-31 14:06:16,294 ReportMaker INFO Парсинг командной строки
2023-01-31 14:06:16,294 CLParser INFO Парсинг командной строки начат
2023-01-31 14:06:16,295 CLParser INFO Парсинг командной строки выполнен
2023-01-31 14:06:16,295 ReportMaker INFO Парсинг файла настроек
2023-01-31 14:06:16,295 SettingsParser INFO Парсинг файла настроек начат
2023-01-31 14:06:16,296 SettingsParser WARNING Получена ошибка при выполнении парсинга файла настроек: Expecting value: line 1 column 1 (char 0)
2023-01-31 14:06:16,296 ReportMaker WARNING Получена ошибка при выполнении парсинга файла настроек: 'path'
2023-01-31 14:06:16,297 ReportMaker INFO Создание задачи
2023-01-31 14:06:28,098 ReportMaker INFO ***********Start************
2023-01-31 14:06:28,099 ReportMaker INFO Парсинг командной строки
2023-01-31 14:06:28,099 CLParser INFO Парсинг командной строки начат
2023-01-31 14:07:29,954 ReportMaker INFO ***********Start************
2023-01-31 14:07:29,954 ReportMaker INFO Парсинг командной строки
2023-01-31 14:07:29,955 CLParser INFO Парсинг командной строки начат
2023-01-31 14:07:29,955 CLParser INFO Парсинг командной строки выполнен
2023-01-31 14:07:29,956 SettingsParser INFO Парсинг файла настроек начат
2023-01-31 14:07:29,956 SettingsParser WARNING Получена ошибка при выполнении парсинга файла настроек: Expecting value: line 1 column 1 (char 0)
2023-01-31 14:09:03,783 ReportMaker INFO ***********Start************
2023-01-31 14:09:03,783 ReportMaker INFO Парсинг командной строки
2023-01-31 14:09:03,784 CLParser INFO Парсинг командной строки начат
2023-01-31 14:09:03,784 CLParser INFO Парсинг командной строки выполнен
2023-01-31 14:09:03,785 SettingsParser INFO Парсинг файла настроек начат
2023-01-31 14:09:03,785 SettingsParser WARNING Получена ошибка при выполнении парсинга файла настроек: Expecting value: line 1 column 1 (char 0)
2023-01-31 14:09:48,611 ReportMaker INFO ***********Start************
2023-01-31 14:09:48,611 ReportMaker INFO Парсинг командной строки
2023-01-31 14:09:48,612 CLParser INFO Парсинг командной строки начат
2023-01-31 14:09:48,612 CLParser INFO Парсинг командной строки выполнен
2023-01-31 14:09:48,613 SettingsParser INFO Парсинг файла настроек начат
2023-01-31 14:10:04,919 CLParser INFO Парсинг командной строки начат
2023-01-31 14:10:04,919 CLParser INFO Парсинг командной строки выполнен
2023-01-31 14:10:04,920 SettingsParser INFO Парсинг файла настроек начат
